Arguments: 
  D:\nodejs\node.exe C:\Users\agnese\AppData\Roaming\npm\node_modules\yarn\bin\yarn.js init

PATH: 
  C:\Users\agnese\bin;D:\Program Files\Git\mingw64\bin;D:\Program Files\Git\usr\local\bin;D:\Program Files\Git\usr\bin;D:\Program Files\Git\usr\bin;D:\Program Files\Git\mingw64\bin;D:\Program Files\Git\usr\bin;C:\Users\agnese\bin;C:\Windows\system32;C:\Windows;C:\Windows\System32\Wbem;C:\Windows\System32\WindowsPowerShell\v1.0;C:\Program Files (x86)\NVIDIA Corporation\PhysX\Common;C:\Program Files\Intel\WiFi\bin;C:\Program Files\Common Files\Intel\WirelessCommon;D:\nodejs;C:\WINDOWS\system32;C:\WINDOWS;C:\WINDOWS\System32\Wbem;C:\WINDOWS\System32\WindowsPowerShell\v1.0;C:\WINDOWS\System32\OpenSSH;D:\Program Files\Git\cmd;C:\Users\agnese\AppData\Local\Microsoft\WindowsApps;C:\Users\agnese\AppData\Roaming\npm;D:\Program Files\Microsoft VS Code\bin;D:\Program Files\Git\usr\bin\vendor_perl;D:\Program Files\Git\usr\bin\core_perl

Yarn version: 
  1.10.1

Node version: 
  6.10.3

Platform: 
  win32 x64

Trace: 
  Error: Can't answer a question unless a user TTY
      at ConsoleReporter.question (C:\Users\agnese\AppData\Roaming\npm\node_modules\yarn\lib\cli.js:86893:59)
      at Object.<anonymous> (C:\Users\agnese\AppData\Roaming\npm\node_modules\yarn\lib\cli.js:79585:38)
      at next (native)
      at step (C:\Users\agnese\AppData\Roaming\npm\node_modules\yarn\lib\cli.js:98:30)
      at C:\Users\agnese\AppData\Roaming\npm\node_modules\yarn\lib\cli.js:109:13
      at process._tickCallback (internal/process/next_tick.js:109:7)

npm manifest: 
  No manifest

yarn manifest: 
  No manifest

Lockfile: 
  # THIS IS AN AUTOGENERATED FILE. DO NOT EDIT THIS FILE DIRECTLY.
  # yarn lockfile v1
